<?xml version="1.0" encoding="UTF-8" ?>
<testsuite failures="0" time="0.017" errors="0" skipped="0" tests="13" name="life.game.ConwayBoardTest">
  <properties>
    <property name="java.runtime.name" value="Java(TM) SE Runtime Environment"/>
    <property name="sun.boot.library.path" value="/System/Library/Java/JavaVirtualMachines/1.6.0.jdk/Contents/Libraries"/>
    <property name="java.vm.version" value="17.1-b03-307"/>
    <property name="awt.nativeDoubleBuffering" value="true"/>
    <property name="gopherProxySet" value="false"/>
    <property name="mrj.build" value="10M3261"/>
    <property name="java.vm.vendor" value="Apple Inc."/>
    <property name="java.vendor.url" value="http://www.apple.com/"/>
    <property name="path.separator" value=":"/>
    <property name="java.vm.name" value="Java HotSpot(TM) 64-Bit Server VM"/>
    <property name="file.encoding.pkg" value="sun.io"/>
    <property name="user.country" value="US"/>
    <property name="sun.java.launcher" value="SUN_STANDARD"/>
    <property name="sun.os.patch.level" value="unknown"/>
    <property name="java.vm.specification.name" value="Java Virtual Machine Specification"/>
    <property name="user.dir" value="/Users/adammartin/Documents/workspace/playalgorithims"/>
    <property name="java.runtime.version" value="1.6.0_22-b04-307-10M3261"/>
    <property name="java.awt.graphicsenv" value="apple.awt.CGraphicsEnvironment"/>
    <property name="basedir" value="/Users/adammartin/Documents/workspace/playalgorithims"/>
    <property name="java.endorsed.dirs" value="/System/Library/Java/JavaVirtualMachines/1.6.0.jdk/Contents/Home/lib/endorsed"/>
    <property name="os.arch" value="x86_64"/>
    <property name="surefire.real.class.path" value="/var/folders/Ko/KoxXrOGOEZGN3lR4PWf6gU+++TI/-Tmp-/surefirebooter4586676923706890520.jar"/>
    <property name="java.io.tmpdir" value="/var/folders/Ko/KoxXrOGOEZGN3lR4PWf6gU+++TI/-Tmp-/"/>
    <property name="line.separator" value="
"/>
    <property name="java.vm.specification.vendor" value="Sun Microsystems Inc."/>
    <property name="os.name" value="Mac OS X"/>
    <property name="sun.jnu.encoding" value="MacRoman"/>
    <property name="java.library.path" value=".:/Library/Java/Extensions:/System/Library/Java/Extensions:/usr/lib/java"/>
    <property name="surefire.test.class.path" value="/Users/adammartin/Documents/workspace/playalgorithims/target/test-classes:/Users/adammartin/Documents/workspace/playalgorithims/target/classes:/Users/adammartin/.m2/repository/commons-lang/commons-lang/2.5/commons-lang-2.5.jar:/Users/adammartin/.m2/repository/commons-collections/commons-collections/3.2.1/commons-collections-3.2.1.jar:/Users/adammartin/.m2/repository/org/jbehave/jbehave-core/3.1.1/jbehave-core-3.1.1.jar:/Users/adammartin/.m2/repository/commons-io/commons-io/1.4/commons-io-1.4.jar:/Users/adammartin/.m2/repository/org/codehaus/plexus/plexus-utils/2.0.5/plexus-utils-2.0.5.jar:/Users/adammartin/.m2/repository/org/freemarker/freemarker/2.3.16/freemarker-2.3.16.jar:/Users/adammartin/.m2/repository/junit/junit-dep/4.5/junit-dep-4.5.jar:/Users/adammartin/.m2/repository/org/hamcrest/hamcrest-all/1.1/hamcrest-all-1.1.jar:"/>
    <property name="java.specification.name" value="Java Platform API Specification"/>
    <property name="java.class.version" value="50.0"/>
    <property name="sun.management.compiler" value="HotSpot 64-Bit Server Compiler"/>
    <property name="os.version" value="10.6.5"/>
    <property name="http.nonProxyHosts" value="local|*.local|169.254/16|*.169.254/16"/>
    <property name="user.home" value="/Users/adammartin"/>
    <property name="user.timezone" value=""/>
    <property name="java.awt.printerjob" value="apple.awt.CPrinterJob"/>
    <property name="java.specification.version" value="1.6"/>
    <property name="file.encoding" value="MacRoman"/>
    <property name="user.name" value="adammartin"/>
    <property name="java.class.path" value="/Users/adammartin/Documents/workspace/playalgorithims/target/test-classes:/Users/adammartin/Documents/workspace/playalgorithims/target/classes:/Users/adammartin/.m2/repository/commons-lang/commons-lang/2.5/commons-lang-2.5.jar:/Users/adammartin/.m2/repository/commons-collections/commons-collections/3.2.1/commons-collections-3.2.1.jar:/Users/adammartin/.m2/repository/org/jbehave/jbehave-core/3.1.1/jbehave-core-3.1.1.jar:/Users/adammartin/.m2/repository/commons-io/commons-io/1.4/commons-io-1.4.jar:/Users/adammartin/.m2/repository/org/codehaus/plexus/plexus-utils/2.0.5/plexus-utils-2.0.5.jar:/Users/adammartin/.m2/repository/org/freemarker/freemarker/2.3.16/freemarker-2.3.16.jar:/Users/adammartin/.m2/repository/junit/junit-dep/4.5/junit-dep-4.5.jar:/Users/adammartin/.m2/repository/org/hamcrest/hamcrest-all/1.1/hamcrest-all-1.1.jar:"/>
    <property name="java.vm.specification.version" value="1.0"/>
    <property name="sun.arch.data.model" value="64"/>
    <property name="java.home" value="/System/Library/Java/JavaVirtualMachines/1.6.0.jdk/Contents/Home"/>
    <property name="java.specification.vendor" value="Sun Microsystems Inc."/>
    <property name="user.language" value="en"/>
    <property name="awt.toolkit" value="apple.awt.CToolkit"/>
    <property name="java.vm.info" value="mixed mode"/>
    <property name="java.version" value="1.6.0_22"/>
    <property name="java.ext.dirs" value="/Library/Java/Extensions:/System/Library/Java/Extensions:/System/Library/Java/JavaVirtualMachines/1.6.0.jdk/Contents/Home/lib/ext"/>
    <property name="sun.boot.class.path" value="/System/Library/Java/JavaVirtualMachines/1.6.0.jdk/Contents/Classes/jsfd.jar:/System/Library/Java/JavaVirtualMachines/1.6.0.jdk/Contents/Classes/classes.jar:/System/Library/Frameworks/JavaVM.framework/Frameworks/JavaRuntimeSupport.framework/Resources/Java/JavaRuntimeSupport.jar:/System/Library/Java/JavaVirtualMachines/1.6.0.jdk/Contents/Classes/ui.jar:/System/Library/Java/JavaVirtualMachines/1.6.0.jdk/Contents/Classes/laf.jar:/System/Library/Java/JavaVirtualMachines/1.6.0.jdk/Contents/Classes/sunrsasign.jar:/System/Library/Java/JavaVirtualMachines/1.6.0.jdk/Contents/Classes/jsse.jar:/System/Library/Java/JavaVirtualMachines/1.6.0.jdk/Contents/Classes/jce.jar:/System/Library/Java/JavaVirtualMachines/1.6.0.jdk/Contents/Classes/charsets.jar"/>
    <property name="java.vendor" value="Apple Inc."/>
    <property name="localRepository" value="/Users/adammartin/.m2/repository"/>
    <property name="file.separator" value="/"/>
    <property name="java.vendor.url.bug" value="http://bugreport.apple.com/"/>
    <property name="sun.cpu.endian" value="little"/>
    <property name="sun.io.unicode.encoding" value="UnicodeLittle"/>
    <property name="mrj.version" value="1060.1.6.0_22-307"/>
    <property name="socksNonProxyHosts" value="local|*.local|169.254/16|*.169.254/16"/>
    <property name="ftp.nonProxyHosts" value="local|*.local|169.254/16|*.169.254/16"/>
    <property name="sun.cpu.isalist" value=""/>
  </properties>
  <testcase time="0.001" classname="life.game.ConwayBoardTest" name="boardIsInProperInitialState"/>
  <testcase time="0" classname="life.game.ConwayBoardTest" name="canSetAPositionToAlive"/>
  <testcase time="0" classname="life.game.ConwayBoardTest" name="canSetADifferentPositionToAlive"/>
  <testcase time="0.001" classname="life.game.ConwayBoardTest" name="livingCellWithZeroNeighborsWillDie"/>
  <testcase time="0" classname="life.game.ConwayBoardTest" name="livingCellWithOneNeighborsWillDie"/>
  <testcase time="0.001" classname="life.game.ConwayBoardTest" name="livingCellWithTwoNeighborsWillNotDie"/>
  <testcase time="0" classname="life.game.ConwayBoardTest" name="livingCellWithTwoNeighborsWillNotDieButOthersWillDie"/>
  <testcase time="0.001" classname="life.game.ConwayBoardTest" name="livingCellWithMoreThanThreeWillDie"/>
  <testcase time="0" classname="life.game.ConwayBoardTest" name="deadCellWithThreeLiveNeighborsWillBecomeAlive"/>
  <testcase time="0.006" classname="life.game.ConwayBoardTest" name="presetBoardForGliderSetsBoardFor29Length"/>
  <testcase time="0" classname="life.game.ConwayBoardTest" name="presetBoardForGliderSetsBoardPutsGliderInMiddle"/>
  <testcase time="0" classname="life.game.ConwayBoardTest" name="boardPrintIsProper"/>
  <testcase time="0" classname="life.game.ConwayBoardTest" name="boardPrintIsProperWithALivingRecord"/>
</testsuite>